-------------------------------------------------------------------------------
Test set: TestSuite
-------------------------------------------------------------------------------
Tests run: 238, Failures: 7, Errors: 0, Skipped: 220, Time elapsed: 11.122 sec <<< FAILURE!
deleteEmployee(com.fleet.controller.AppControllerTest)  Time elapsed: 0.029 sec  <<< FAILURE!
java.lang.NullPointerException
	at com.fleet.controller.AppController.deleteEmployee(AppController.java:165)
	at com.fleet.controller.AppControllerTest.deleteEmployee(AppControllerTest.java:134)
editEmployee(com.fleet.controller.AppControllerTest)  Time elapsed: 0 sec  <<< FAILURE!
java.lang.NullPointerException
	at com.fleet.controller.AppController.editEmployee(AppController.java:127)
	at com.fleet.controller.AppControllerTest.editEmployee(AppControllerTest.java:101)
listEmployees(com.fleet.controller.AppControllerTest)  Time elapsed: 0 sec  <<< FAILURE!
org.mockito.exceptions.misusing.InvalidUseOfMatchersException: 
Invalid use of argument matchers!
0 matchers expected, 1 recorded:
-> at com.fleet.controller.AppControllerTest.editEmployee(AppControllerTest.java:101)
This exception may occur if matchers are combined with raw values:
    //incorrect:
    someMethod(anyObject(), "raw String");
When using matchers, all arguments have to be provided by matchers.
For example:
    //correct:
    someMethod(anyObject(), eq("String by matcher"));
For more info see javadoc for Matchers class.
	at com.fleet.controller.AppControllerTest.listEmployees(AppControllerTest.java:58)
newEmployee(com.fleet.controller.AppControllerTest)  Time elapsed: 0.035 sec  <<< FAILURE!
java.lang.NullPointerException
	at com.fleet.controller.AppController.getPrincipal(AppController.java:252)
	at com.fleet.controller.AppController.newEmployee(AppController.java:87)
	at com.fleet.controller.AppControllerTest.newEmployee(AppControllerTest.java:66)
saveEmployeeWithSuccess(com.fleet.controller.AppControllerTest)  Time elapsed: 0.005 sec  <<< FAILURE!
java.lang.AssertionError: expected [Employee Axel registered successfully] but found [null]
	at org.testng.Assert.fail(Assert.java:94)
	at org.testng.Assert.failNotEquals(Assert.java:496)
	at org.testng.Assert.assertEquals(Assert.java:116)
	at org.testng.Assert.assertEquals(Assert.java:167)
	at com.fleet.controller.AppControllerTest.saveEmployeeWithSuccess(AppControllerTest.java:94)
updateEmployeeWithSuccess(com.fleet.controller.AppControllerTest)  Time elapsed: 0 sec  <<< FAILURE!
java.lang.AssertionError: expected [Employee Axel updated successfully] but found [null]
	at org.testng.Assert.fail(Assert.java:94)
	at org.testng.Assert.failNotEquals(Assert.java:496)
	at org.testng.Assert.assertEquals(Assert.java:116)
	at org.testng.Assert.assertEquals(Assert.java:167)
	at com.fleet.controller.AppControllerTest.updateEmployeeWithSuccess(AppControllerTest.java:127)
setUp(com.fleet.dao.AssociateDaoImplTest)  Time elapsed: 7.93 sec  <<< FAILURE!
org.h2.jdbc.JdbcSQLException: NULL not allowed for column "ASSOCIATE_TYPE_ID"; SQL statement:
insert into FM_ASSOCIATE (ID, NUMBER, FIRST_NAME, LAST_NAME, PHONE_NO, MOBILE_NO, EMAIL, DOB, LICENCE_NO, LICENCE_VALID_UPTO, CLIENT_ID, ADDRESS, NOTES, STATUS, CREATED_ON, MODIFIED_ON) values (?, ?, ?, ?, ?, ?, ?, ?, ?, ?, ?, ?, ?, ?, ?, ?) [23502-187]
	at org.h2.message.DbException.getJdbcSQLException(DbException.java:345)
	at org.h2.message.DbException.get(DbException.java:179)
	at org.h2.message.DbException.get(DbException.java:155)
	at org.h2.table.Column.validateConvertUpdateSequence(Column.java:303)
	at org.h2.table.Table.validateConvertUpdateSequence(Table.java:737)
	at org.h2.command.dml.Insert.insertRows(Insert.java:151)
	at org.h2.command.dml.Insert.update(Insert.java:114)
	at org.h2.command.CommandContainer.update(CommandContainer.java:78)
	at org.h2.command.Command.executeUpdate(Command.java:254)
	at org.h2.jdbc.JdbcPreparedStatement.execute(JdbcPreparedStatement.java:198)
	at org.dbunit.database.statement.SimplePreparedStatement.addBatch(SimplePreparedStatement.java:67)
	at org.dbunit.database.statement.AutomaticPreparedBatchStatement.addBatch(AutomaticPreparedBatchStatement.java:57)
	at org.dbunit.operation.AbstractBatchOperation.execute(AbstractBatchOperation.java:187)
	at org.dbunit.operation.CompositeOperation.execute(CompositeOperation.java:67)
	at com.fleet.dao.EntityDaoImplTest.setUp(EntityDaoImplTest.java:27)
	at sun.reflect.NativeMethodAccessorImpl.invoke0(Native Method)
	at sun.reflect.NativeMethodAccessorImpl.invoke(NativeMethodAccessorImpl.java:57)
	at sun.reflect.DelegatingMethodAccessorImpl.invoke(DelegatingMethodAccessorImpl.java:43)
	at java.lang.reflect.Method.invoke(Method.java:606)
	at org.testng.internal.MethodInvocationHelper.invokeMethod(MethodInvocationHelper.java:85)
	at org.testng.internal.Invoker.invokeConfigurationMethod(Invoker.java:517)
	at org.testng.internal.Invoker.invokeConfigurations(Invoker.java:213)
	at org.testng.internal.Invoker.invokeMethod(Invoker.java:601)
	at org.testng.internal.Invoker.invokeTestMethod(Invoker.java:845)
	at org.testng.internal.Invoker.invokeTestMethods(Invoker.java:1153)
	at org.testng.internal.TestMethodWorker.invokeTestMethods(TestMethodWorker.java:125)
	at org.testng.internal.TestMethodWorker.run(TestMethodWorker.java:108)
	at org.testng.TestRunner.privateRun(TestRunner.java:771)
	at org.testng.TestRunner.run(TestRunner.java:621)
	at org.testng.SuiteRunner.runTest(SuiteRunner.java:357)
	at org.testng.SuiteRunner.runSequentially(SuiteRunner.java:352)
	at org.testng.SuiteRunner.privateRun(SuiteRunner.java:310)
	at org.testng.SuiteRunner.run(SuiteRunner.java:259)
	at org.testng.SuiteRunnerWorker.runSuite(SuiteRunnerWorker.java:52)
	at org.testng.SuiteRunnerWorker.run(SuiteRunnerWorker.java:86)
	at org.testng.TestNG.runSuitesSequentially(TestNG.java:1199)
	at org.testng.TestNG.runSuitesLocally(TestNG.java:1124)
	at org.testng.TestNG.run(TestNG.java:1032)
	at org.apache.maven.surefire.testng.TestNGExecutor.run(TestNGExecutor.java:70)
	at org.apache.maven.surefire.testng.TestNGDirectoryTestSuite.executeMulti(TestNGDirectoryTestSuite.java:158)
	at org.apache.maven.surefire.testng.TestNGDirectoryTestSuite.execute(TestNGDirectoryTestSuite.java:98)
	at org.apache.maven.surefire.testng.TestNGProvider.invoke(TestNGProvider.java:111)
	at sun.reflect.NativeMethodAccessorImpl.invoke0(Native Method)
	at sun.reflect.NativeMethodAccessorImpl.invoke(NativeMethodAccessorImpl.java:57)
	at sun.reflect.DelegatingMethodAccessorImpl.invoke(DelegatingMethodAccessorImpl.java:43)
	at java.lang.reflect.Method.invoke(Method.java:606)
	at org.apache.maven.surefire.util.ReflectionUtils.invokeMethodWithArray(ReflectionUtils.java:164)
	at org.apache.maven.surefire.booter.ProviderFactory$ProviderProxy.invoke(ProviderFactory.java:110)
	at org.apache.maven.surefire.booter.SurefireStarter.invokeProvider(SurefireStarter.java:175)
	at org.apache.maven.surefire.booter.SurefireStarter.runSuitesInProcessWhenForked(SurefireStarter.java:107)
	at org.apache.maven.surefire.booter.ForkedBooter.main(ForkedBooter.java:68)
